<?xml version="1.0" encoding="UTF-8"?>
<!-- Generated by org.testng.reporters.JUnitReportReporter -->
<testsuite hostname="Bharathreddyarepalli" failures="0" tests="1" name="runner.TestRunner" time="51.084" errors="0" timestamp="2025-04-28T14:05:05 IST" skipped="0">
  <testcase classname="runner.TestRunner" name="runScenario" time="51.084"/>
  <system-out/>
</testsuite> <!-- runner.TestRunner -->
